<?xml version="1.0" encoding="UTF-8"?>

<beans xmlns="http://www.springframework.org/schema/beans"
       xmlns:xsi="http://www.w3.org/2001/XMLSchema-instance"
       xmlns:context="http://www.springframework.org/schema/context"
       xmlns:p="http://www.springframework.org/schema/p"
       xmlns:tx="http://www.springframework.org/schema/tx"
       xsi:schemaLocation="http://www.springframework.org/schema/beans http://www.springframework.org/schema/beans/spring-beans.xsd
		http://www.springframework.org/schema/tx http://www.springframework.org/schema/tx/spring-tx.xsd
		http://www.springframework.org/schema/context http://www.springframework.org/schema/context/spring-context.xsd">

    <!-- holding properties for database connectivity /-->
    <context:property-placeholder location="classpath:jdbc.properties"/>

    <bean id="dataSource" class="org.springframework.jdbc.datasource.DriverManagerDataSource">
        <property name="driverClassName" value="${jdbc.driverClassName}"/>
        <property name="url" value="${jdbc.url}"/>
        <property name="username"  value="${jdbc.username}"/>
        <property name="password" value="${jdbc.password}"/>
    </bean>

    <bean id="entityManagerFactoryBean" class="org.springframework.orm.jpa.LocalContainerEntityManagerFactoryBean">
        <property name="dataSource" ref="dataSource" />
        <!-- This makes /META-INF/persistence.xml is no longer necessary -->
        <property name="packagesToScan" value="com.jb.vecinos.entities" />
        <!-- JpaVendorAdapter implementation for Hibernate EntityManager.
             Exposes Hibernate's persistence provider and EntityManager extension interface -->
        <property name="jpaVendorAdapter">
            <bean class="org.springframework.orm.jpa.vendor.HibernateJpaVendorAdapter" />
        </property>
        <property name="jpaProperties">
            <props>
                <prop key="hibernate.hbm2ddl.auto">validate</prop>
                <prop key="hibernate.dialect">org.hibernate.dialect.MySQL5Dialect</prop>
            </props>
        </property>
    </bean>


    <bean id="transactionManager" class="org.springframework.orm.jpa.JpaTransactionManager">
        <property name="entityManagerFactory" ref="entityManagerFactoryBean" />
    </bean>

    <!-- responsible for registering the necessary Spring components that power annotation-driven transaction management;
         such as when @Transactional methods are invoked -->
    <tx:annotation-driven />

    <!-- Scans the classpath of this application for @Components to deploy as beans -->
    <context:component-scan base-package="com.jb.vecinos.security" />
    <context:component-scan base-package="com.jb.vecinos.controller" />
    <context:component-scan base-package="com.jb.vecinos.services" />
    <context:component-scan base-package="com.jb.vecinos.repository" />
    <context:component-scan base-package="com.jb.vecinos.entities" />
</beans>
